<?xml version="1.0" encoding="UTF-8"?>
<!-- Generated by org.testng.reporters.JUnitReportReporter -->
<testsuite skipped="0" hostname="IMPC3122" name="com.htc.test.LoginAutomation" tests="2" failures="0" timestamp="11 Oct 2017 08:01:47 GMT" time="1.906" errors="0">
  <testcase name="testSuccessLoginLogout" time="1.605" classname="com.htc.test.LoginAutomation"/>
  <testcase name="testSuccessLoginLogout" time="0.301" classname="com.htc.test.LoginAutomation"/>
</testsuite> <!-- com.htc.test.LoginAutomation -->
