<?xml version="1.0" encoding="UTF-8"?>
<!-- Generated by org.testng.reporters.JUnitReportReporter -->
<testsuite skipped="0" hostname="IMPC3122" name="com.htc.test.RegisterAutomation" tests="2" failures="0" timestamp="11 Oct 2017 08:01:47 GMT" time="2.560" errors="0">
  <testcase name="testSuccessLoginLogout" time="1.150" classname="com.htc.test.RegisterAutomation"/>
  <testcase name="testSuccessLoginLogout" time="1.410" classname="com.htc.test.RegisterAutomation"/>
</testsuite> <!-- com.htc.test.RegisterAutomation -->
